<?xml version="1.0" encoding="UTF-8"?>
<testng-results skipped="0" failed="0" ignored="0" total="1" passed="1">
  <reporter-output>
  </reporter-output>
  <suite name="run tests in parallel" duration-ms="13917" started-at="2018-03-01T07:50:50Z" finished-at="2018-03-01T07:51:04Z">
    <groups>
    </groups>
    <test name="Test using sample code" duration-ms="13917" started-at="2018-03-01T07:50:50Z" finished-at="2018-03-01T07:51:04Z">
      <class name="testing.publish.SampleTest">
        <test-method status="PASS" signature="beforeMethod()[pri:0, instance:testing.publish.SampleTest@3532ec19]" name="beforeMethod" is-config="true" duration-ms="8422" started-at="2018-03-01T07:50:50Z" finished-at="2018-03-01T07:50:59Z">
          <reporter-output>
          </reporter-output>
        </test-method> <!-- beforeMethod -->
        <test-method status="PASS" signature="openApplication()[pri:0, instance:testing.publish.SampleTest@3532ec19]" name="openApplication" duration-ms="3974" started-at="2018-03-01T07:50:59Z" description="To Open a chrome browser" finished-at="2018-03-01T07:51:03Z">
          <reporter-output>
          </reporter-output>
        </test-method> <!-- openApplication -->
        <test-method status="PASS" signature="afterMethod()[pri:0, instance:testing.publish.SampleTest@3532ec19]" name="afterMethod" is-config="true" duration-ms="1415" started-at="2018-03-01T07:51:03Z" finished-at="2018-03-01T07:51:04Z">
          <reporter-output>
          </reporter-output>
        </test-method> <!-- afterMethod -->
      </class> <!-- testing.publish.SampleTest -->
    </test> <!-- Test using sample code -->
  </suite> <!-- run tests in parallel -->
</testng-results>
